<?xml version="1.0" encoding="UTF-8"?>
<!-- Generated by org.testng.reporters.JUnitReportReporter -->
<testsuite skipped="0" hostname="XIPLRAC009" name="com.clickTime.qa.testCases.LoginPageTest" tests="3" failures="0" timestamp="03 Jun 2018 18:20:03 GMT" time="31.955" errors="0">
  <testcase name="loginPageTitleTest" time="0.017" classname="com.clickTime.qa.testCases.LoginPageTest"/>
  <testcase name="clickTimeImageLogoTest" time="0.055" classname="com.clickTime.qa.testCases.LoginPageTest"/>
  <testcase name="loginTest" time="31.883" classname="com.clickTime.qa.testCases.LoginPageTest"/>
</testsuite> <!-- com.clickTime.qa.testCases.LoginPageTest -->
