<?xml version="1.0" encoding="UTF-8"?>
<!-- Generated by org.testng.reporters.JUnitReportReporter -->
<testsuite skipped="0" hostname="XIPLRAC009" name="com.clickTime.qa.testCases.LoginPageTest" tests="3" failures="0" timestamp="30 Jun 2018 06:31:14 GMT" time="58.008" errors="0">
  <testcase name="loginPageTitleTest" time="14.227" classname="com.clickTime.qa.testCases.LoginPageTest"/>
  <testcase name="clickTimeImageLogoTest" time="13.722" classname="com.clickTime.qa.testCases.LoginPageTest"/>
  <testcase name="loginTest" time="30.059" classname="com.clickTime.qa.testCases.LoginPageTest"/>
</testsuite> <!-- com.clickTime.qa.testCases.LoginPageTest -->
